<?xml version="1.0" encoding="UTF-8"?>
<!-- Generated by org.testng.reporters.JUnitReportReporter -->
<testsuite hostname="Loyolas-MBP" failures="0" tests="5" name="runner.TestRunner" time="74.284" errors="0" timestamp="2023-04-25T10:12:36 GMT-04:00" skipped="0">
  <testcase classname="runner.TestRunner" name="runScenario" time="14.286"/>
  <system-out/>
  <testcase classname="runner.TestRunner" name="runScenario" time="15.348"/>
  <system-out/>
  <testcase classname="runner.TestRunner" name="runScenario" time="15.157"/>
  <system-out/>
  <testcase classname="runner.TestRunner" name="runScenario" time="15.575"/>
  <system-out/>
  <testcase classname="runner.TestRunner" name="runScenario" time="13.918"/>
  <system-out/>
</testsuite> <!-- runner.TestRunner -->
