<?xml version="1.0" encoding="UTF-8"?>
<!-- Generated by org.testng.reporters.JUnitReportReporter -->
<testsuite hostname="Loyolas-MBP" failures="0" tests="5" name="runner.TestRunner" time="75.184" errors="0" timestamp="2023-04-28T11:25:15 GMT-04:00" skipped="0">
  <testcase classname="runner.TestRunner" name="runScenario" time="15.388"/>
  <system-out/>
  <testcase classname="runner.TestRunner" name="runScenario" time="14.530"/>
  <system-out/>
  <testcase classname="runner.TestRunner" name="runScenario" time="14.530"/>
  <system-out/>
  <testcase classname="runner.TestRunner" name="runScenario" time="15.303"/>
  <system-out/>
  <testcase classname="runner.TestRunner" name="runScenario" time="15.433"/>
  <system-out/>
</testsuite> <!-- runner.TestRunner -->
