<?xml version="1.0" encoding="UTF-8"?>
<!-- Generated by org.testng.reporters.JUnitReportReporter -->
<testsuite hostname="Loyolas-MBP" failures="0" tests="5" name="runner.TestRunner" time="31.614" errors="0" timestamp="2023-04-25T10:24:25 GMT-04:00" skipped="0">
  <testcase classname="runner.TestRunner" name="runScenario" time="5.580"/>
  <system-out/>
  <testcase classname="runner.TestRunner" name="runScenario" time="5.870"/>
  <system-out/>
  <testcase classname="runner.TestRunner" name="runScenario" time="6.166"/>
  <system-out/>
  <testcase classname="runner.TestRunner" name="runScenario" time="7.806"/>
  <system-out/>
  <testcase classname="runner.TestRunner" name="runScenario" time="6.192"/>
  <system-out/>
</testsuite> <!-- runner.TestRunner -->
